[INFO ] 2025-07-27 14:55:10.051 [Thread-3] ProcessWrapper - [C:\Users\Moh\AppData\Local\Temp\ir\artlake\lakeconverter\jave\ffmpeg-amd64-${project.version}.exe, -i, C:\Users\Moh\Music\AD\02 shirin.mp3, -hide_banner]
[INFO ] 2025-07-27 14:55:12.092 [Thread-3] ProcessWrapper - [C:\Users\Moh\AppData\Local\Temp\ir\artlake\lakeconverter\jave\ffmpeg-amd64-${project.version}.exe, -i, C:\Users\Moh\Music\AD\02 shirin.mp3, -hide_banner]
[INFO ] 2025-07-27 14:55:50.514 [Thread-6] ProcessWrapper - [C:\Users\Moh\AppData\Local\Temp\ir\artlake\lakeconverter\jave\ffmpeg-amd64-${project.version}.exe, -ss, 01, -i, C:\Users\Moh\Videos\videoplayback.mp4, -vframes, 1, -s, 1080x1080, -qscale, 1, C:\Users\Moh\AppData\Local\Temp\thumbnail11862775251674199370.png, -hide_banner]
[INFO ] 2025-07-27 14:55:50.742 [Thread-6] ProcessWrapper - [C:\Users\Moh\AppData\Local\Temp\ir\artlake\lakeconverter\jave\ffmpeg-amd64-${project.version}.exe, -i, C:\Users\Moh\Videos\videoplayback.mp4, -hide_banner]
[INFO ] 2025-07-27 14:55:50.812 [Thread-6] ProcessWrapper - [C:\Users\Moh\AppData\Local\Temp\ir\artlake\lakeconverter\jave\ffmpeg-amd64-${project.version}.exe, -i, C:\Users\Moh\Videos\videoplayback.mp4, -hide_banner]
[INFO ] 2025-07-27 14:55:55.561 [JavaFX Application Thread] FormatSettingsLogger - ProgramInit Got true
[INFO ] 2025-07-27 14:56:19.619 [Thread-10] ConversionService$ConversionTask - ir.artlake.lakeconverter.jave.encode.EncodingAttributes(format=mp4, offset=null, duration=null,loop=false, audioAttributes=ir.artlake.lakeconverter.jave.encode.AudioAttributes(codec=aac, bitRate=128000, samplingRate=44100, channels=2, volume=null, quality=null), videoAttributes=ir.artlake.lakeconverter.jave.encode.VideoAttributes(codec=libx264, bitRate=5000000, frameRate=30, size=ir.artlake.lakeconverter.jave.info.VideoSize (width=1280, height=720), faststart=false, quality=null, pixelFormat=null, tune=null, x264_profile=MAIN, preset=null))
[INFO ] 2025-07-27 14:56:19.647 [Thread-10] ProcessWrapper - [C:\Users\Moh\AppData\Local\Temp\ir\artlake\lakeconverter\jave\ffmpeg-amd64-${project.version}.exe, -i, C:\Users\Moh\Videos\videoplayback.mp4, -vcodec, libx264, -vb, 5000000, -r, 30, -s, 1280x720, -movflags, faststart, -profile:v, main, -acodec, aac, -ab, 128000, -ac, 2, -ar, 44100, -f, mp4, -crf, 23, -y, C:\Users\Moh\Videos\converted\videoplayback.mp4, -hide_banner]
[INFO ] 2025-07-27 14:56:19.653 [Thread-10] ProcessWrapper - [C:\Users\Moh\AppData\Local\Temp\ir\artlake\lakeconverter\jave\ffmpeg-amd64-${project.version}.exe, -i, C:\Users\Moh\Videos\videoplayback.mp4, -hide_banner]
[INFO ] 2025-07-27 14:56:19.750 [Thread-10] ConversionOutputAnalyzer - Unhandled message in step: 2 Line: 20 message: <[libx264 @ 00000167e988d680] using SAR=3/4>
[INFO ] 2025-07-27 14:56:19.751 [Thread-10] ConversionOutputAnalyzer - Unhandled message in step: 2 Line: 21 message: <[libx264 @ 00000167e988d680] using cpu capabilities: MMX2 SSE2Fast SSSE3 SSE4.2 AVX FMA3 BMI2 AVX2>
[INFO ] 2025-07-27 14:56:19.752 [Thread-10] ConversionOutputAnalyzer - Unhandled message in step: 2 Line: 22 message: <[libx264 @ 00000167e988d680] profile Main, level 3.1, 4:2:0, 8-bit>
[INFO ] 2025-07-27 14:56:19.752 [Thread-10] ConversionOutputAnalyzer - Unhandled message in step: 2 Line: 23 message: <[libx264 @ 00000167e988d680] 264 - core 164 - H.264/MPEG-4 AVC codec - Copyleft 2003-2024 - http://www.videolan.org/x264.html - options: cabac=1 ref=3 deblock=1:0:0 analyse=0x1:0x111 me=hex subme=7 psy=1 psy_rd=1.00:0.00 mixed_ref=1 me_range=16 chroma_me=1 trellis=1 8x8dct=0 cqm=0 deadzone=21,11 fast_pskip=1 chroma_qp_offset=-2 threads=12 lookahead_threads=2 sliced_threads=0 nr=0 decimate=1 interlaced=0 bluray_compat=0 constrained_intra=0 bframes=3 b_pyramid=2 b_adapt=1 b_bias=0 direct=1 weightb=1 open_gop=0 weightp=2 keyint=250 keyint_min=25 scenecut=40 intra_refresh=0 rc_lookahead=40 rc=crf mbtree=1 crf=23.0 qcomp=0.60 qpmin=0 qpmax=69 qpstep=4 ip_ratio=1.40 aq=1:1.00>
[WARN ] 2025-07-27 14:56:51.758 [Thread-10] ConversionOutputAnalyzer - Error in progress parsing for line: frame= 5357 fps=167 q=29.0 size=   13824kB time=N/A bitrate=N/A dup=5 drop=0 speed=N/A
[INFO ] 2025-07-27 14:56:51.921 [Thread-10] ConversionOutputAnalyzer - Unhandled message in step: 3 Line: 104 message: <[mp4 @ 00000167e931f400] Starting second pass: moving the moov atom to the beginning of the file>
[INFO ] 2025-07-27 14:56:51.930 [Thread-10] ConversionOutputAnalyzer - Unhandled message in step: 3 Line: 105 message: <[out#0/mp4 @ 00000167e932d300] video:14052kB audio:46kB subtitle:0kB other streams:0kB global headers:0kB muxing overhead: 1.361117%>
[INFO ] 2025-07-27 14:56:51.933 [Thread-10] ConversionOutputAnalyzer - Unhandled message in step: 3 Line: 107 message: <[libx264 @ 00000167e988d680] frame I:22    Avg QP:17.13  size: 63692>
[INFO ] 2025-07-27 14:56:51.933 [Thread-10] ConversionOutputAnalyzer - Unhandled message in step: 3 Line: 108 message: <[libx264 @ 00000167e988d680] frame P:1398  Avg QP:19.70  size:  7013>
[INFO ] 2025-07-27 14:56:51.933 [Thread-10] ConversionOutputAnalyzer - Unhandled message in step: 3 Line: 109 message: <[libx264 @ 00000167e988d680] frame B:3980  Avg QP:25.22  size:   800>
[INFO ] 2025-07-27 14:56:51.933 [Thread-10] ConversionOutputAnalyzer - Unhandled message in step: 3 Line: 110 message: <[libx264 @ 00000167e988d680] consecutive B-frames:  1.0%  1.2%  3.2% 94.6%>
[INFO ] 2025-07-27 14:56:51.934 [Thread-10] ConversionOutputAnalyzer - Unhandled message in step: 3 Line: 111 message: <[libx264 @ 00000167e988d680] mb I  I16..4: 27.0%  0.0% 73.0%>
[INFO ] 2025-07-27 14:56:51.934 [Thread-10] ConversionOutputAnalyzer - Unhandled message in step: 3 Line: 112 message: <[libx264 @ 00000167e988d680] mb P  I16..4:  2.5%  0.0%  1.3%  P16..4: 34.8%  7.0%  3.4%  0.0%  0.0%    skip:50.9%>
[INFO ] 2025-07-27 14:56:51.934 [Thread-10] ConversionOutputAnalyzer - Unhandled message in step: 3 Line: 113 message: <[libx264 @ 00000167e988d680] mb B  I16..4:  0.0%  0.0%  0.0%  B16..8: 14.6%  0.3%  0.0%  direct: 1.3%  skip:83.8%  L0:38.8% L1:59.7% BI: 1.5%>
[INFO ] 2025-07-27 14:56:51.934 [Thread-10] ConversionOutputAnalyzer - Unhandled message in step: 3 Line: 114 message: <[libx264 @ 00000167e988d680] coded y,uvDC,uvAC intra: 37.8% 55.3% 12.2% inter: 2.6% 10.9% 0.0%>
[INFO ] 2025-07-27 14:56:51.935 [Thread-10] ConversionOutputAnalyzer - Unhandled message in step: 3 Line: 115 message: <[libx264 @ 00000167e988d680] i16 v,h,dc,p: 27% 30% 10% 34%>
[INFO ] 2025-07-27 14:56:51.935 [Thread-10] ConversionOutputAnalyzer - Unhandled message in step: 3 Line: 116 message: <[libx264 @ 00000167e988d680] i4 v,h,dc,ddl,ddr,vr,hd,vl,hu: 24% 28% 15%  4%  7%  6%  7%  3%  5%>
[INFO ] 2025-07-27 14:56:51.935 [Thread-10] ConversionOutputAnalyzer - Unhandled message in step: 3 Line: 117 message: <[libx264 @ 00000167e988d680] i8c dc,h,v,p: 49% 25% 18%  8%>
[INFO ] 2025-07-27 14:56:51.935 [Thread-10] ConversionOutputAnalyzer - Unhandled message in step: 3 Line: 118 message: <[libx264 @ 00000167e988d680] Weighted P-Frames: Y:0.1% UV:0.0%>
[INFO ] 2025-07-27 14:56:51.935 [Thread-10] ConversionOutputAnalyzer - Unhandled message in step: 3 Line: 119 message: <[libx264 @ 00000167e988d680] ref P L0: 71.4%  8.4% 15.4%  4.8%  0.0%>
[INFO ] 2025-07-27 14:56:51.936 [Thread-10] ConversionOutputAnalyzer - Unhandled message in step: 3 Line: 120 message: <[libx264 @ 00000167e988d680] ref B L0: 93.3%  6.2%  0.5%>
[INFO ] 2025-07-27 14:56:51.936 [Thread-10] ConversionOutputAnalyzer - Unhandled message in step: 3 Line: 121 message: <[libx264 @ 00000167e988d680] ref B L1: 96.8%  3.2%>
[INFO ] 2025-07-27 14:56:51.936 [Thread-10] ConversionOutputAnalyzer - Unhandled message in step: 3 Line: 122 message: <[libx264 @ 00000167e988d680] kb/s:639.48>
[INFO ] 2025-07-27 14:56:51.961 [Thread-10] ConversionOutputAnalyzer - Unhandled message in step: 3 Line: 123 message: <[aac @ 00000167e7948b80] Qavg: 65536.000>
[INFO ] 2025-07-27 14:58:00.144 [Thread-3] ProcessWrapper - [C:\Users\Moh\AppData\Local\Temp\ir\artlake\lakeconverter\jave\ffmpeg-amd64-${project.version}.exe, -ss, 01, -i, C:\Users\Moh\Videos\converted\videoplayback.mp4, -vframes, 1, -s, 1080x1080, -qscale, 1, C:\Users\Moh\AppData\Local\Temp\thumbnail6637294794068263530.png, -hide_banner]
[INFO ] 2025-07-27 14:58:00.459 [Thread-3] ProcessWrapper - [C:\Users\Moh\AppData\Local\Temp\ir\artlake\lakeconverter\jave\ffmpeg-amd64-${project.version}.exe, -i, C:\Users\Moh\Videos\converted\videoplayback.mp4, -hide_banner]
[INFO ] 2025-07-27 14:58:00.547 [Thread-3] ProcessWrapper - [C:\Users\Moh\AppData\Local\Temp\ir\artlake\lakeconverter\jave\ffmpeg-amd64-${project.version}.exe, -i, C:\Users\Moh\Videos\converted\videoplayback.mp4, -hide_banner]
[INFO ] 2025-07-27 14:58:06.266 [Thread-7] ConversionService$ConversionTask - ir.artlake.lakeconverter.jave.encode.EncodingAttributes(format=mp4, offset=null, duration=null,loop=false, audioAttributes=ir.artlake.lakeconverter.jave.encode.AudioAttributes(codec=aac, bitRate=128000, samplingRate=44100, channels=2, volume=null, quality=null), videoAttributes=ir.artlake.lakeconverter.jave.encode.VideoAttributes(codec=libx264, bitRate=5000000, frameRate=30, size=ir.artlake.lakeconverter.jave.info.VideoSize (width=1280, height=720), faststart=false, quality=null, pixelFormat=null, tune=null, x264_profile=MAIN, preset=null))
[INFO ] 2025-07-27 14:58:06.293 [Thread-7] ProcessWrapper - [C:\Users\Moh\AppData\Local\Temp\ir\artlake\lakeconverter\jave\ffmpeg-amd64-${project.version}.exe, -i, C:\Users\Moh\Videos\converted\videoplayback.mp4, -vcodec, libx264, -vb, 5000000, -r, 30, -s, 1280x720, -movflags, faststart, -profile:v, main, -acodec, aac, -ab, 128000, -ac, 2, -ar, 44100, -f, mp4, -crf, 23, -y, C:\Users\Moh\Videos\converted\converted\videoplayback.mp4, -hide_banner]
[INFO ] 2025-07-27 14:58:06.297 [Thread-7] ProcessWrapper - [C:\Users\Moh\AppData\Local\Temp\ir\artlake\lakeconverter\jave\ffmpeg-amd64-${project.version}.exe, -i, C:\Users\Moh\Videos\converted\videoplayback.mp4, -hide_banner]
[INFO ] 2025-07-27 14:58:06.421 [Thread-7] ConversionOutputAnalyzer - Unhandled message in step: 2 Line: 21 message: <[libx264 @ 00000169bb1c0840] using SAR=3/4>
[INFO ] 2025-07-27 14:58:06.421 [Thread-7] ConversionOutputAnalyzer - Unhandled message in step: 2 Line: 22 message: <[libx264 @ 00000169bb1c0840] using cpu capabilities: MMX2 SSE2Fast SSSE3 SSE4.2 AVX FMA3 BMI2 AVX2>
[INFO ] 2025-07-27 14:58:06.421 [Thread-7] ConversionOutputAnalyzer - Unhandled message in step: 2 Line: 23 message: <[libx264 @ 00000169bb1c0840] profile Main, level 3.1, 4:2:0, 8-bit>
[INFO ] 2025-07-27 14:58:06.422 [Thread-7] ConversionOutputAnalyzer - Unhandled message in step: 2 Line: 24 message: <[libx264 @ 00000169bb1c0840] 264 - core 164 - H.264/MPEG-4 AVC codec - Copyleft 2003-2024 - http://www.videolan.org/x264.html - options: cabac=1 ref=3 deblock=1:0:0 analyse=0x1:0x111 me=hex subme=7 psy=1 psy_rd=1.00:0.00 mixed_ref=1 me_range=16 chroma_me=1 trellis=1 8x8dct=0 cqm=0 deadzone=21,11 fast_pskip=1 chroma_qp_offset=-2 threads=12 lookahead_threads=2 sliced_threads=0 nr=0 decimate=1 interlaced=0 bluray_compat=0 constrained_intra=0 bframes=3 b_pyramid=2 b_adapt=1 b_bias=0 direct=1 weightb=1 open_gop=0 weightp=2 keyint=250 keyint_min=25 scenecut=40 intra_refresh=0 rc_lookahead=40 rc=crf mbtree=1 crf=23.0 qcomp=0.60 qpmin=0 qpmax=69 qpstep=4 ip_ratio=1.40 aq=1:1.00>
[INFO ] 2025-07-27 14:58:42.749 [Thread-7] ConversionOutputAnalyzer - Unhandled message in step: 3 Line: 112 message: <[mp4 @ 00000169b92389c0] Starting second pass: moving the moov atom to the beginning of the file>
[INFO ] 2025-07-27 14:58:42.761 [Thread-7] ConversionOutputAnalyzer - Unhandled message in step: 3 Line: 113 message: <[out#0/mp4 @ 00000169bb364440] video:13258kB audio:46kB subtitle:0kB other streams:0kB global headers:0kB muxing overhead: 1.442676%>
[INFO ] 2025-07-27 14:58:42.762 [Thread-7] ConversionOutputAnalyzer - Unhandled message in step: 3 Line: 115 message: <[libx264 @ 00000169bb1c0840] frame I:22    Avg QP:17.04  size: 62304>
[INFO ] 2025-07-27 14:58:42.762 [Thread-7] ConversionOutputAnalyzer - Unhandled message in step: 3 Line: 116 message: <[libx264 @ 00000169bb1c0840] frame P:2002  Avg QP:19.90  size:  5114>
[INFO ] 2025-07-27 14:58:42.762 [Thread-7] ConversionOutputAnalyzer - Unhandled message in step: 3 Line: 117 message: <[libx264 @ 00000169bb1c0840] frame B:3376  Avg QP:25.32  size:   583>
[INFO ] 2025-07-27 14:58:42.763 [Thread-7] ConversionOutputAnalyzer - Unhandled message in step: 3 Line: 118 message: <[libx264 @ 00000169bb1c0840] consecutive B-frames:  1.0% 46.0%  2.8% 50.2%>
[INFO ] 2025-07-27 14:58:42.763 [Thread-7] ConversionOutputAnalyzer - Unhandled message in step: 3 Line: 119 message: <[libx264 @ 00000169bb1c0840] mb I  I16..4: 28.1%  0.0% 71.9%>
[INFO ] 2025-07-27 14:58:42.763 [Thread-7] ConversionOutputAnalyzer - Unhandled message in step: 3 Line: 120 message: <[libx264 @ 00000169bb1c0840] mb P  I16..4:  2.0%  0.0%  0.8%  P16..4: 30.5%  4.9%  2.2%  0.0%  0.0%    skip:59.7%>
[INFO ] 2025-07-27 14:58:42.763 [Thread-7] ConversionOutputAnalyzer - Unhandled message in step: 3 Line: 121 message: <[libx264 @ 00000169bb1c0840] mb B  I16..4:  0.0%  0.0%  0.0%  B16..8: 10.5%  0.2%  0.0%  direct: 1.2%  skip:88.0%  L0:35.3% L1:63.4% BI: 1.3%>
[INFO ] 2025-07-27 14:58:42.764 [Thread-7] ConversionOutputAnalyzer - Unhandled message in step: 3 Line: 122 message: <[libx264 @ 00000169bb1c0840] coded y,uvDC,uvAC intra: 34.4% 56.7% 11.5% inter: 2.3% 10.9% 0.0%>
[INFO ] 2025-07-27 14:58:42.764 [Thread-7] ConversionOutputAnalyzer - Unhandled message in step: 3 Line: 123 message: <[libx264 @ 00000169bb1c0840] i16 v,h,dc,p: 29% 31% 11% 29%>
[INFO ] 2025-07-27 14:58:42.764 [Thread-7] ConversionOutputAnalyzer - Unhandled message in step: 3 Line: 124 message: <[libx264 @ 00000169bb1c0840] i4 v,h,dc,ddl,ddr,vr,hd,vl,hu: 24% 29% 15%  4%  7%  6%  7%  3%  5%>
[INFO ] 2025-07-27 14:58:42.764 [Thread-7] ConversionOutputAnalyzer - Unhandled message in step: 3 Line: 125 message: <[libx264 @ 00000169bb1c0840] i8c dc,h,v,p: 50% 25% 18%  7%>
[INFO ] 2025-07-27 14:58:42.765 [Thread-7] ConversionOutputAnalyzer - Unhandled message in step: 3 Line: 126 message: <[libx264 @ 00000169bb1c0840] Weighted P-Frames: Y:0.1% UV:0.0%>
[INFO ] 2025-07-27 14:58:42.765 [Thread-7] ConversionOutputAnalyzer - Unhandled message in step: 3 Line: 127 message: <[libx264 @ 00000169bb1c0840] ref P L0: 75.3%  7.8% 11.9%  4.9%  0.0%>
[INFO ] 2025-07-27 14:58:42.765 [Thread-7] ConversionOutputAnalyzer - Unhandled message in step: 3 Line: 128 message: <[libx264 @ 00000169bb1c0840] ref B L0: 92.7%  6.8%  0.5%>
[INFO ] 2025-07-27 14:58:42.766 [Thread-7] ConversionOutputAnalyzer - Unhandled message in step: 3 Line: 129 message: <[libx264 @ 00000169bb1c0840] ref B L1: 98.7%  1.3%>
[INFO ] 2025-07-27 14:58:42.766 [Thread-7] ConversionOutputAnalyzer - Unhandled message in step: 3 Line: 130 message: <[libx264 @ 00000169bb1c0840] kb/s:603.38>
[INFO ] 2025-07-27 14:58:42.794 [Thread-7] ConversionOutputAnalyzer - Unhandled message in step: 3 Line: 131 message: <[aac @ 00000169bb195440] Qavg: 65536.000>
[INFO ] 2025-07-27 16:34:31.754 [Thread-3] ProcessWrapper - [C:\Users\Moh\AppData\Local\Temp\ir\artlake\lakeconverter\jave\ffmpeg-amd64-${project.version}.exe, -ss, 01, -i, C:\Users\Moh\Videos\converted\videoplayback.mp4, -vframes, 1, -s, 1080x1080, -qscale, 1, C:\Users\Moh\AppData\Local\Temp\thumbnail2594393669330933186.png, -hide_banner]
[INFO ] 2025-07-27 16:34:32.210 [Thread-3] ProcessWrapper - [C:\Users\Moh\AppData\Local\Temp\ir\artlake\lakeconverter\jave\ffmpeg-amd64-${project.version}.exe, -i, C:\Users\Moh\Videos\converted\videoplayback.mp4, -hide_banner]
[INFO ] 2025-07-27 16:34:32.305 [Thread-3] ProcessWrapper - [C:\Users\Moh\AppData\Local\Temp\ir\artlake\lakeconverter\jave\ffmpeg-amd64-${project.version}.exe, -i, C:\Users\Moh\Videos\converted\videoplayback.mp4, -hide_banner]
[INFO ] 2025-07-27 16:34:37.526 [Thread-7] ConversionService$ConversionTask - codes.rayacode.lakeconverter.jave.encode.EncodingAttributes(format=mp4, offset=null, duration=null,loop=false, audioAttributes=codes.rayacode.lakeconverter.jave.encode.AudioAttributes(codec=aac, bitRate=128000, samplingRate=44100, channels=2, volume=null, quality=null), videoAttributes=codes.rayacode.lakeconverter.jave.encode.VideoAttributes(codec=libx264, bitRate=5000000, frameRate=30, size=codes.rayacode.lakeconverter.jave.info.VideoSize (width=1280, height=720), faststart=false, quality=null, pixelFormat=null, tune=null, x264_profile=MAIN, preset=null))
[INFO ] 2025-07-27 16:34:37.551 [Thread-7] ProcessWrapper - [C:\Users\Moh\AppData\Local\Temp\ir\artlake\lakeconverter\jave\ffmpeg-amd64-${project.version}.exe, -i, C:\Users\Moh\Videos\converted\videoplayback.mp4, -vcodec, libx264, -vb, 5000000, -r, 30, -s, 1280x720, -movflags, faststart, -profile:v, main, -acodec, aac, -ab, 128000, -ac, 2, -ar, 44100, -f, mp4, -crf, 23, -y, C:\Users\Moh\Videos\converted\converted\videoplayback_1.mp4, -hide_banner]
[INFO ] 2025-07-27 16:34:37.558 [Thread-7] ProcessWrapper - [C:\Users\Moh\AppData\Local\Temp\ir\artlake\lakeconverter\jave\ffmpeg-amd64-${project.version}.exe, -i, C:\Users\Moh\Videos\converted\videoplayback.mp4, -hide_banner]
[INFO ] 2025-07-27 16:34:37.729 [Thread-7] ConversionOutputAnalyzer - Unhandled message in step: 2 Line: 21 message: <[libx264 @ 00000242342b1040] using SAR=3/4>
[INFO ] 2025-07-27 16:34:37.729 [Thread-7] ConversionOutputAnalyzer - Unhandled message in step: 2 Line: 22 message: <[libx264 @ 00000242342b1040] using cpu capabilities: MMX2 SSE2Fast SSSE3 SSE4.2 AVX FMA3 BMI2 AVX2>
[INFO ] 2025-07-27 16:34:37.729 [Thread-7] ConversionOutputAnalyzer - Unhandled message in step: 2 Line: 23 message: <[libx264 @ 00000242342b1040] profile Main, level 3.1, 4:2:0, 8-bit>
[INFO ] 2025-07-27 16:34:37.730 [Thread-7] ConversionOutputAnalyzer - Unhandled message in step: 2 Line: 24 message: <[libx264 @ 00000242342b1040] 264 - core 164 - H.264/MPEG-4 AVC codec - Copyleft 2003-2024 - http://www.videolan.org/x264.html - options: cabac=1 ref=3 deblock=1:0:0 analyse=0x1:0x111 me=hex subme=7 psy=1 psy_rd=1.00:0.00 mixed_ref=1 me_range=16 chroma_me=1 trellis=1 8x8dct=0 cqm=0 deadzone=21,11 fast_pskip=1 chroma_qp_offset=-2 threads=12 lookahead_threads=2 sliced_threads=0 nr=0 decimate=1 interlaced=0 bluray_compat=0 constrained_intra=0 bframes=3 b_pyramid=2 b_adapt=1 b_bias=0 direct=1 weightb=1 open_gop=0 weightp=2 keyint=250 keyint_min=25 scenecut=40 intra_refresh=0 rc_lookahead=40 rc=crf mbtree=1 crf=23.0 qcomp=0.60 qpmin=0 qpmax=69 qpstep=4 ip_ratio=1.40 aq=1:1.00>
[INFO ] 2025-07-27 16:35:06.568 [Thread-7] ConversionOutputAnalyzer - Unhandled message in step: 3 Line: 98 message: <[mp4 @ 0000024233abb040] Starting second pass: moving the moov atom to the beginning of the file>
[INFO ] 2025-07-27 16:35:06.579 [Thread-7] ConversionOutputAnalyzer - Unhandled message in step: 3 Line: 99 message: <[out#0/mp4 @ 0000024232124480] video:13258kB audio:46kB subtitle:0kB other streams:0kB global headers:0kB muxing overhead: 1.442676%>
[INFO ] 2025-07-27 16:35:06.581 [Thread-7] ConversionOutputAnalyzer - Unhandled message in step: 3 Line: 101 message: <[libx264 @ 00000242342b1040] frame I:22    Avg QP:17.04  size: 62304>
[INFO ] 2025-07-27 16:35:06.581 [Thread-7] ConversionOutputAnalyzer - Unhandled message in step: 3 Line: 102 message: <[libx264 @ 00000242342b1040] frame P:2002  Avg QP:19.90  size:  5114>
[INFO ] 2025-07-27 16:35:06.581 [Thread-7] ConversionOutputAnalyzer - Unhandled message in step: 3 Line: 103 message: <[libx264 @ 00000242342b1040] frame B:3376  Avg QP:25.32  size:   583>
[INFO ] 2025-07-27 16:35:06.581 [Thread-7] ConversionOutputAnalyzer - Unhandled message in step: 3 Line: 104 message: <[libx264 @ 00000242342b1040] consecutive B-frames:  1.0% 46.0%  2.8% 50.2%>
[INFO ] 2025-07-27 16:35:06.581 [Thread-7] ConversionOutputAnalyzer - Unhandled message in step: 3 Line: 105 message: <[libx264 @ 00000242342b1040] mb I  I16..4: 28.1%  0.0% 71.9%>
[INFO ] 2025-07-27 16:35:06.582 [Thread-7] ConversionOutputAnalyzer - Unhandled message in step: 3 Line: 106 message: <[libx264 @ 00000242342b1040] mb P  I16..4:  2.0%  0.0%  0.8%  P16..4: 30.5%  4.9%  2.2%  0.0%  0.0%    skip:59.7%>
[INFO ] 2025-07-27 16:35:06.582 [Thread-7] ConversionOutputAnalyzer - Unhandled message in step: 3 Line: 107 message: <[libx264 @ 00000242342b1040] mb B  I16..4:  0.0%  0.0%  0.0%  B16..8: 10.5%  0.2%  0.0%  direct: 1.2%  skip:88.0%  L0:35.3% L1:63.4% BI: 1.3%>
[INFO ] 2025-07-27 16:35:06.582 [Thread-7] ConversionOutputAnalyzer - Unhandled message in step: 3 Line: 108 message: <[libx264 @ 00000242342b1040] coded y,uvDC,uvAC intra: 34.4% 56.7% 11.5% inter: 2.3% 10.9% 0.0%>
[INFO ] 2025-07-27 16:35:06.582 [Thread-7] ConversionOutputAnalyzer - Unhandled message in step: 3 Line: 109 message: <[libx264 @ 00000242342b1040] i16 v,h,dc,p: 29% 31% 11% 29%>
[INFO ] 2025-07-27 16:35:06.582 [Thread-7] ConversionOutputAnalyzer - Unhandled message in step: 3 Line: 110 message: <[libx264 @ 00000242342b1040] i4 v,h,dc,ddl,ddr,vr,hd,vl,hu: 24% 29% 15%  4%  7%  6%  7%  3%  5%>
[INFO ] 2025-07-27 16:35:06.583 [Thread-7] ConversionOutputAnalyzer - Unhandled message in step: 3 Line: 111 message: <[libx264 @ 00000242342b1040] i8c dc,h,v,p: 50% 25% 18%  7%>
[INFO ] 2025-07-27 16:35:06.583 [Thread-7] ConversionOutputAnalyzer - Unhandled message in step: 3 Line: 112 message: <[libx264 @ 00000242342b1040] Weighted P-Frames: Y:0.1% UV:0.0%>
[INFO ] 2025-07-27 16:35:06.583 [Thread-7] ConversionOutputAnalyzer - Unhandled message in step: 3 Line: 113 message: <[libx264 @ 00000242342b1040] ref P L0: 75.3%  7.8% 11.9%  4.9%  0.0%>
[INFO ] 2025-07-27 16:35:06.583 [Thread-7] ConversionOutputAnalyzer - Unhandled message in step: 3 Line: 114 message: <[libx264 @ 00000242342b1040] ref B L0: 92.7%  6.8%  0.5%>
[INFO ] 2025-07-27 16:35:06.583 [Thread-7] ConversionOutputAnalyzer - Unhandled message in step: 3 Line: 115 message: <[libx264 @ 00000242342b1040] ref B L1: 98.7%  1.3%>
[INFO ] 2025-07-27 16:35:06.583 [Thread-7] ConversionOutputAnalyzer - Unhandled message in step: 3 Line: 116 message: <[libx264 @ 00000242342b1040] kb/s:603.38>
[INFO ] 2025-07-27 16:35:06.605 [Thread-7] ConversionOutputAnalyzer - Unhandled message in step: 3 Line: 117 message: <[aac @ 00000242321b0c00] Qavg: 65536.000>
